0 info it worked if it ends with ok
1 verbose cli [ '/Users/asher/.nvm/versions/node/v6.2.1/bin/node',
1 verbose cli   '/Users/asher/.nvm/versions/node/v6.2.1/bin/npm',
1 verbose cli   'start',
1 verbose cli   'app.js' ]
2 info using npm@3.9.3
3 info using node@v6.2.1
4 verbose stack Error: missing script: start
4 verbose stack     at run (/Users/asher/.nvm/versions/node/v6.2.1/lib/node_modules/npm/lib/run-script.js:150:19)
4 verbose stack     at /Users/asher/.nvm/versions/node/v6.2.1/lib/node_modules/npm/lib/run-script.js:60:5
4 verbose stack     at /Users/asher/.nvm/versions/node/v6.2.1/lib/node_modules/npm/node_modules/read-package-json/read-json.js:356:5
4 verbose stack     at checkBinReferences_ (/Users/asher/.nvm/versions/node/v6.2.1/lib/node_modules/npm/node_modules/read-package-json/read-json.js:320:45)
4 verbose stack     at final (/Users/asher/.nvm/versions/node/v6.2.1/lib/node_modules/npm/node_modules/read-package-json/read-json.js:354:3)
4 verbose stack     at then (/Users/asher/.nvm/versions/node/v6.2.1/lib/node_modules/npm/node_modules/read-package-json/read-json.js:124:5)
4 verbose stack     at ReadFileContext.<anonymous> (/Users/asher/.nvm/versions/node/v6.2.1/lib/node_modules/npm/node_modules/read-package-json/read-json.js:295:20)
4 verbose stack     at ReadFileContext.callback (/Users/asher/.nvm/versions/node/v6.2.1/lib/node_modules/npm/node_modules/graceful-fs/graceful-fs.js:78:16)
4 verbose stack     at FSReqWrap.readFileAfterOpen [as oncomplete] (fs.js:359:13)
5 verbose cwd /Users/asher/Desktop/selfPractice/intro-EXPRESS
6 error Darwin 15.5.0
7 error argv "/Users/asher/.nvm/versions/node/v6.2.1/bin/node" "/Users/asher/.nvm/versions/node/v6.2.1/bin/npm" "start" "app.js"
8 error node v6.2.1
9 error npm  v3.9.3
10 error missing script: start
11 error If you need help, you may report this error at:
11 error     <https://github.com/npm/npm/issues>
12 verbose exit [ 1, true ]
